<?xml version="1.0" encoding="UTF-8"?>
<!-- Generated by org.testng.reporters.JUnitReportReporter -->
<testsuite hostname="DESKTOP-S16N51Q" failures="0" tests="1" name="com.actitime.testsrcipt.ProjectModule" time="0.006" errors="0" timestamp="2022-03-11T08:15:12 IST" skipped="0">
  <testcase classname="com.actitime.testsrcipt.ProjectModule" name="createProject" time="0.006"/>
  <system-out>
    <![CDATA[Create Project]]>
  </system-out>
</testsuite> <!-- com.actitime.testsrcipt.ProjectModule -->
