<?xml version="1.0" encoding="UTF-8"?>
<!-- Generated by org.testng.reporters.JUnitReportReporter -->
<testsuite hostname="DESKTOP-S16N51Q" failures="0" tests="1" name="com.actitime.pom.MainMethodCls" time="7.160" errors="0" timestamp="2022-03-17T07:34:51 IST" skipped="0">
  <testcase classname="com.actitime.pom.MainMethodCls" name="testLogin" time="7.160"/>
  <system-out/>
</testsuite> <!-- com.actitime.pom.MainMethodCls -->
