<?xml version="1.0" encoding="UTF-8"?>
<!-- Generated by org.testng.reporters.JUnitReportReporter -->
<testsuite hostname="DESKTOP-S16N51Q" failures="0" tests="1" name="com.actitime.testsrcipt.Demo" time="0.008" errors="0" timestamp="2022-03-07T07:45:09 IST" skipped="0">
  <testcase classname="com.actitime.testsrcipt.Demo" name="testDemo" time="0.008"/>
  <system-out>
    <![CDATA[bye
hello
welcome]]>
  </system-out>
</testsuite> <!-- com.actitime.testsrcipt.Demo -->
