<?xml version="1.0" encoding="UTF-8"?>
<!-- Generated by org.testng.reporters.JUnitReportReporter -->
<testsuite hostname="DESKTOP-S16N51Q" failures="0" tests="2" name="com.actitime.testsrcipt.DemoDataProvider" time="0.010" errors="0" timestamp="2022-03-18T09:08:41 IST" skipped="0">
  <testcase classname="com.actitime.testsrcipt.DemoDataProvider" name="addToCart" time="0.007"/>
  <system-out/>
  <testcase classname="com.actitime.testsrcipt.DemoDataProvider" name="addToCart" time="0.003"/>
  <system-out/>
</testsuite> <!-- com.actitime.testsrcipt.DemoDataProvider -->
