<?xml version="1.0" encoding="UTF-8"?>
<!-- Generated by org.testng.reporters.JUnitReportReporter -->
<testsuite hostname="DESKTOP-S16N51Q" failures="0" tests="1" name="com.actitime.testsrcipt.ScreenShot" time="4.832" errors="0" timestamp="2022-03-14T07:58:27 IST" skipped="0">
  <testcase classname="com.actitime.testsrcipt.ScreenShot" name="testScreenShot" time="4.832"/>
  <system-out/>
</testsuite> <!-- com.actitime.testsrcipt.ScreenShot -->
