<?xml version="1.0" encoding="UTF-8"?>
<!-- Generated by org.testng.reporters.JUnitReportReporter -->
<testsuite hostname="DESKTOP-S16N51Q" failures="0" tests="1" name="com.actitime.testsrcipt.TaskModule" time="0.001" errors="0" timestamp="2022-03-11T08:15:12 IST" skipped="0">
  <testcase classname="com.actitime.testsrcipt.TaskModule" name="createTask" time="0.001"/>
  <system-out>
    <![CDATA[Create Task]]>
  </system-out>
</testsuite> <!-- com.actitime.testsrcipt.TaskModule -->
